#
# There is insufficient memory for the Java Runtime Environment to continue.
# Native memory allocation (malloc) failed to allocate 32744 bytes for ChunkPool::allocate
# Possible reasons:
#   The system is out of physical RAM or swap space
#   In 32 bit mode, the process size limit was hit
# Possible solutions:
#   Reduce memory load on the system
#   Increase physical memory or swap space
#   Check if swap backing store is full
#   Use 64 bit Java on a 64 bit OS
#   Decrease Java heap size (-Xmx/-Xms)
#   Decrease number of Java threads
#   Decrease Java thread stack sizes (-Xss)
#   Set larger code cache with -XX:ReservedCodeCacheSize=
# This output file may be truncated or incomplete.
#
#  Out of Memory Error (allocation.cpp:273), pid=14448, tid=0x00000000000038c4
#
# JRE version: Java(TM) SE Runtime Environment (8.0_121-b13) (build 1.8.0_121-b13)
# Java VM: Java HotSpot(TM) 64-Bit Server VM (25.121-b13 mixed mode windows-amd64 compressed oops)
# Failed to write core dump. Minidumps are not enabled by default on client versions of Windows
#

---------------  T H R E A D  ---------------

Current thread (0x0000000015569000):  JavaThread "C1 CompilerThread2" daemon [_thread_in_native, id=14532, stack(0x0000000016da0000,0x0000000016ea0000)]

Stack: [0x0000000016da0000,0x0000000016ea0000]
[error occurred during error reporting (printing stack bounds), id 0xc0000005]

Native frames: (J=compiled Java code, j=interpreted, Vv=VM code, C=native code)


Current CompileTask:
C1: 413460  187       3       java.text.DecimalFormat::applyPattern (1591 bytes)


---------------  P R O C E S S  ---------------

Java Threads: ( => current thread )
  0x00000000155bc000 JavaThread "Service Thread" daemon [_thread_blocked, id=14536, stack(0x00000000172a0000,0x00000000173a0000)]
=>0x0000000015569000 JavaThread "C1 CompilerThread2" daemon [_thread_in_native, id=14532, stack(0x0000000016da0000,0x0000000016ea0000)]
  0x0000000015560000 JavaThread "C2 CompilerThread1" daemon [_thread_in_native, id=14528, stack(0x0000000016ca0000,0x0000000016da0000)]
  0x000000001555d000 JavaThread "C2 CompilerThread0" daemon [_thread_in_native, id=14524, stack(0x0000000016ba0000,0x0000000016ca0000)]
  0x000000001555b000 JavaThread "Attach Listener" daemon [_thread_blocked, id=14520, stack(0x0000000016aa0000,0x0000000016ba0000)]
  0x0000000015559800 JavaThread "Signal Dispatcher" daemon [_thread_blocked, id=14516, stack(0x00000000169a0000,0x0000000016aa0000)]
  0x0000000002f2a800 JavaThread "Finalizer" daemon [_thread_blocked, id=14512, stack(0x00000000167b0000,0x00000000168b0000)]
  0x0000000015529000 JavaThread "Reference Handler" daemon [_thread_blocked, id=14508, stack(0x00000000166b0000,0x00000000167b0000)]
  0x0000000002e30800 JavaThread "main" [_thread_in_native, id=14484, stack(0x00000000015f0000,0x00000000016f0000)]

Other Threads:
  0x0000000015527800 VMThread [stack: 0x00000000165b0000,0x00000000166b0000] [id=14504]
  0x0000000016ec9000 WatcherThread [stack: 0x00000000173a0000,0x00000000174a0000] [id=14540]

VM state:not at safepoint (normal execution)

VM Mutex/Monitor currently owned by a thread: None

Heap:
 PSYoungGen      total 18944K, used 8267K [0x00000000eb180000, 0x00000000ec680000, 0x0000000100000000)
  eden space 16384K, 50% used [0x00000000eb180000,0x00000000eb992f60,0x00000000ec180000)
  from space 2560K, 0% used [0x00000000ec400000,0x00000000ec400000,0x00000000ec680000)
  to   space 2560K, 0% used [0x00000000ec180000,0x00000000ec180000,0x00000000ec400000)
 ParOldGen       total 44032K, used 0K [0x00000000c1400000, 0x00000000c3f00000, 0x00000000eb180000)
  object space 44032K, 0% used [0x00000000c1400000,0x00000000c1400000,0x00000000c3f00000)
 Metaspace       used 3770K, capacity 4606K, committed 4864K, reserved 1056768K
  class space    used 428K, capacity 430K, committed 512K, reserved 1048576K

Card table byte_map: [0x00000000122f0000,0x00000000124f0000] byte_map_base: 0x0000000011ce6000

Marking Bits: (ParMarkBitMap*) 0x000000005196b6d0
 Begin Bits: [0x0000000012a40000, 0x00000000139f0000)
 End Bits:   [0x00000000139f0000, 0x00000000149a0000)

Polling page: 0x0000000001190000

CodeCache: size=245760Kb used=1561Kb max_used=1569Kb free=244199Kb
 bounds [0x0000000002f30000, 0x00000000031a0000, 0x0000000011f30000]
 total_blobs=446 nmethods=186 adapters=173
 compilation: enabled

Compilation events (10 events):
Event: 411.115 Thread 0x000000001555d000 nmethod 178 0x00000000030b2850 code [0x00000000030b29c0, 0x00000000030b2d48]
Event: 411.121 Thread 0x0000000015569000  183       3       java.nio.charset.Charset::lookup (44 bytes)
Event: 411.121 Thread 0x0000000015569000 nmethod 183 0x00000000030b1fd0 code [0x00000000030b2180, 0x00000000030b2668]
Event: 411.122 Thread 0x0000000015560000  184       4       java.util.regex.ASCII::isDigit (18 bytes)
Event: 411.122 Thread 0x0000000015560000 nmethod 184 0x0000000003091810 code [0x0000000003091940, 0x0000000003091998]
Event: 411.123 Thread 0x0000000015569000  185       1       java.nio.Buffer::capacity (5 bytes)
Event: 411.123 Thread 0x0000000015569000 nmethod 185 0x00000000030a93d0 code [0x00000000030a9520, 0x00000000030a9630]
Event: 411.125 Thread 0x0000000015569000  186       3       java.io.Reader::<init> (27 bytes)
Event: 411.126 Thread 0x0000000015569000 nmethod 186 0x00000000030b1a10 code [0x00000000030b1b80, 0x00000000030b1e48]
Event: 411.126 Thread 0x0000000015569000  187       3       java.text.DecimalFormat::applyPattern (1591 bytes)

GC Heap History (0 events):
No events

Deoptimization events (0 events):
No events

Internal exceptions (10 events):
Event: 411.125 Thread 0x0000000002e30800 Exception <a 'java/io/IOException'> (0x00000000eb60d450) thrown at [C:\re\workspace\8-2-build-windows-amd64-cygwin\jdk8u121\8372\hotspot\src\share\vm\prims\jni.cpp, line 709]
Event: 411.125 Thread 0x0000000002e30800 Exception <a 'java/io/IOException'> (0x00000000eb60d898) thrown at [C:\re\workspace\8-2-build-windows-amd64-cygwin\jdk8u121\8372\hotspot\src\share\vm\prims\jni.cpp, line 709]
Event: 411.125 Thread 0x0000000002e30800 Exception <a 'java/io/IOException'> (0x00000000eb610f70) thrown at [C:\re\workspace\8-2-build-windows-amd64-cygwin\jdk8u121\8372\hotspot\src\share\vm\prims\jni.cpp, line 709]
Event: 411.125 Thread 0x0000000002e30800 Exception <a 'java/io/IOException'> (0x00000000eb6113b8) thrown at [C:\re\workspace\8-2-build-windows-amd64-cygwin\jdk8u121\8372\hotspot\src\share\vm\prims\jni.cpp, line 709]
Event: 411.136 Thread 0x0000000002e30800 Exception <a 'java/io/IOException'> (0x00000000eb61eb48) thrown at [C:\re\workspace\8-2-build-windows-amd64-cygwin\jdk8u121\8372\hotspot\src\share\vm\prims\jni.cpp, line 709]
Event: 411.136 Thread 0x0000000002e30800 Exception <a 'java/io/IOException'> (0x00000000eb61ef90) thrown at [C:\re\workspace\8-2-build-windows-amd64-cygwin\jdk8u121\8372\hotspot\src\share\vm\prims\jni.cpp, line 709]
Event: 411.137 Thread 0x0000000002e30800 Exception <a 'java/io/IOException'> (0x00000000eb622668) thrown at [C:\re\workspace\8-2-build-windows-amd64-cygwin\jdk8u121\8372\hotspot\src\share\vm\prims\jni.cpp, line 709]
Event: 411.137 Thread 0x0000000002e30800 Exception <a 'java/io/IOException'> (0x00000000eb622ab0) thrown at [C:\re\workspace\8-2-build-windows-amd64-cygwin\jdk8u121\8372\hotspot\src\share\vm\prims\jni.cpp, line 709]
Event: 411.137 Thread 0x0000000002e30800 Exception <a 'java/io/IOException'> (0x00000000eb626188) thrown at [C:\re\workspace\8-2-build-windows-amd64-cygwin\jdk8u121\8372\hotspot\src\share\vm\prims\jni.cpp, line 709]
Event: 411.138 Thread 0x0000000002e30800 Exception <a 'java/io/IOException'> (0x00000000eb6265d0) thrown at [C:\re\workspace\8-2-build-windows-amd64-cygwin\jdk8u121\8372\hotspot\src\share\vm\prims\jni.cpp, line 709]

Events (10 events):
Event: 10.833 loading class java/util/Date
Event: 10.833 loading class java/util/Date done
Event: 10.834 loading class java/text/DontCareFieldPosition
Event: 10.834 loading class java/text/DontCareFieldPosition done
Event: 10.834 loading class java/text/DontCareFieldPosition$1
Event: 10.834 loading class java/text/Format$FieldDelegate
Event: 10.834 loading class java/text/Format$FieldDelegate done
Event: 10.834 loading class java/text/DontCareFieldPosition$1 done
Event: 410.314 loading class java/io/InterruptedIOException
Event: 410.838 loading class java/io/InterruptedIOException done


Dynamic libraries:
0x00007ff749d70000 - 0x00007ff749da7000 	C:\Program Files\Java\jre1.8.0_121\bin\javaw.exe
0x00007ff9dcff0000 - 0x00007ff9dd1b1000 	C:\windows\SYSTEM32\ntdll.dll
0x00007ff9da910000 - 0x00007ff9da9bd000 	C:\windows\system32\KERNEL32.DLL
0x00007ff9da030000 - 0x00007ff9da218000 	C:\windows\system32\KERNELBASE.dll
0x00007ff9dc980000 - 0x00007ff9dca27000 	C:\windows\system32\ADVAPI32.dll
0x00007ff9dc550000 - 0x00007ff9dc5ed000 	C:\windows\system32\msvcrt.dll
0x00007ff9dc5f0000 - 0x00007ff9dc64b000 	C:\windows\system32\sechost.dll
0x00007ff9da3f0000 - 0x00007ff9da50c000 	C:\windows\system32\RPCRT4.dll
0x00007ff9da7b0000 - 0x00007ff9da906000 	C:\windows\system32\USER32.dll
0x00007ff9da9c0000 - 0x00007ff9dab46000 	C:\windows\system32\GDI32.dll
0x00007ff9d4530000 - 0x00007ff9d47a4000 	C:\windows\WinSxS\amd64_microsoft.windows.common-controls_6595b64144ccf1df_6.0.10586.839_none_a2ddba30a539a2ae\COMCTL32.dll
0x00007ff9dc650000 - 0x00007ff9dc8cd000 	C:\windows\system32\combase.dll
0x00007ff9d9730000 - 0x00007ff9d979a000 	C:\windows\system32\bcryptPrimitives.dll
0x00007ff9dca30000 - 0x00007ff9dca6b000 	C:\windows\system32\IMM32.DLL
0x0000000051ad0000 - 0x0000000051ba2000 	C:\Program Files\Java\jre1.8.0_121\bin\msvcr100.dll
0x0000000051150000 - 0x00000000519eb000 	C:\Program Files\Java\jre1.8.0_121\bin\server\jvm.dll
0x00007ff9dcfe0000 - 0x00007ff9dcfe8000 	C:\windows\system32\PSAPI.DLL
0x00007ff9d7910000 - 0x00007ff9d7933000 	C:\windows\SYSTEM32\WINMM.dll
0x00007ff9d4a20000 - 0x00007ff9d4a2a000 	C:\windows\SYSTEM32\VERSION.dll
0x00007ff9d42e0000 - 0x00007ff9d42e9000 	C:\windows\SYSTEM32\WSOCK32.dll
0x00007ff9dc4e0000 - 0x00007ff9dc54b000 	C:\windows\system32\WS2_32.dll
0x00000000015b0000 - 0x00000000015dc000 	C:\windows\SYSTEM32\WINMMBASE.dll
0x00007ff9d97a0000 - 0x00007ff9d97e3000 	C:\windows\system32\cfgmgr32.dll
0x0000000051060000 - 0x000000005106f000 	C:\Program Files\Java\jre1.8.0_121\bin\verify.dll
0x0000000051030000 - 0x0000000051059000 	C:\Program Files\Java\jre1.8.0_121\bin\java.dll
0x0000000051010000 - 0x0000000051026000 	C:\Program Files\Java\jre1.8.0_121\bin\zip.dll
0x00007ff9dab50000 - 0x00007ff9dc0ac000 	C:\windows\system32\SHELL32.dll
0x00007ff9d99c0000 - 0x00007ff9da005000 	C:\windows\system32\windows.storage.dll
0x00007ff9da750000 - 0x00007ff9da7a2000 	C:\windows\system32\shlwapi.dll
0x00007ff9d9660000 - 0x00007ff9d966f000 	C:\windows\system32\kernel.appcore.dll
0x00007ff9d98a0000 - 0x00007ff9d9955000 	C:\windows\system32\shcore.dll
0x00007ff9d9610000 - 0x00007ff9d965b000 	C:\windows\system32\powrprof.dll
0x00007ff9d9670000 - 0x00007ff9d9684000 	C:\windows\system32\profapi.dll

VM Arguments:
jvm_args: -Dfile.encoding=Cp1252 -Xbootclasspath:C:\Program Files\Java\jre1.8.0_121\lib\resources.jar;C:\Program Files\Java\jre1.8.0_121\lib\rt.jar;C:\Program Files\Java\jre1.8.0_121\lib\jsse.jar;C:\Program Files\Java\jre1.8.0_121\lib\jce.jar;C:\Program Files\Java\jre1.8.0_121\lib\charsets.jar;C:\Program Files\Java\jre1.8.0_121\lib\jfr.jar;C:\Program Files\Java\jre1.8.0_121\lib\extensionIO_v1.07.jar;C:\Program Files\Java\jre1.8.0_121\lib\cldc-1.1.jar;C:\Program Files\Java\jre1.8.0_121\lib\jxl.jar;C:\Program Files\Java\jre1.8.0_121\lib\jxl-2.6.jar 
java_command: main
java_class_path (initial): C:\Users\hp\workspace\TaxiReservationSystem\bin
Launcher Type: SUN_STANDARD

Environment Variables:
PATH=C:/Program Files/Java/jre1.8.0_121/bin/server;C:/Program Files/Java/jre1.8.0_121/bin;C:/Program Files/Java/jre1.8.0_121/lib/amd64;C:\ProgramData\Oracle\Java\javapath;C:\Program Files (x86)\Intel\iCLS Client\;C:\Program Files\Intel\iCLS Client\;C:\windows\system32;C:\windows;C:\windows\System32\Wbem;C:\windows\System32\WindowsPowerShell\v1.0\;C:\Program Files (x86)\Intel\Intel(R) Management Engine Components\DAL;C:\Program Files\Intel\Intel(R) Management Engine Components\DAL;C:\Program Files (x86)\Intel\Intel(R) Management Engine Components\IPT;C:\Program Files\Intel\Intel(R) Management Engine Components\IPT;C:\Program Files (x86)\Skype\Phone\;C:\Users\hp\Downloads\eclipse-jee-neon-2-win32-x86_64\eclipse;
USERNAME=Anu
OS=Windows_NT
PROCESSOR_IDENTIFIER=Intel64 Family 6 Model 61 Stepping 4, GenuineIntel



---------------  S Y S T E M  ---------------

OS: Windows 10.0 , 64 bit Build 10586 (10.0.10586.589)

CPU:total 4 (2 cores per cpu, 2 threads per core) family 6 model 61 stepping 4, cmov, cx8, fxsr, mmx, sse, sse2, sse3, ssse3, sse4.1, sse4.2, popcnt, avx, avx2, aes, clmul, erms, 3dnowpref, lzcnt, ht, tsc, tscinvbit, bmi1, bmi2, adx

Memory: 4k page, physical 4107660k(289940k free), swap 16690572k(24612k free)

vm_info: Java HotSpot(TM) 64-Bit Server VM (25.121-b13) for windows-amd64 JRE (1.8.0_121-b13), built on Dec 12 2016 18:21:36 by "java_re" with MS VC++ 10.0 (VS2010)

time: Tue Apr 11 15:54:38 2017
elapsed time: 415 seconds (0d 0h 6m 55s)

